[22:27:54.387][info] [#0:/home/wellackshually/personal/git/config_manager/lsps/lsp_releases/lua-language-server-3.13.6/main.lua:68]: Lua Lsp startup, root: 	/home/wellackshually/personal/git/config_manager/lsps/lsp_releases/lua-language-server-3.13.6
[22:27:54.387][info] [#0:/home/wellackshually/personal/git/config_manager/lsps/lsp_releases/lua-language-server-3.13.6/main.lua:69]: ROOT:	/home/wellackshually/personal/git/config_manager/lsps/lsp_releases/lua-language-server-3.13.6
[22:27:54.387][info] [#0:/home/wellackshually/personal/git/config_manager/lsps/lsp_releases/lua-language-server-3.13.6/main.lua:70]: LOGPATH:	/home/wellackshually/personal/git/config_manager/lsps/lsp_releases/lua-language-server-3.13.6/log
[22:27:54.387][info] [#0:/home/wellackshually/personal/git/config_manager/lsps/lsp_releases/lua-language-server-3.13.6/main.lua:71]: METAPATH:	/home/wellackshually/personal/git/config_manager/lsps/lsp_releases/lua-language-server-3.13.6/meta
[22:27:54.388][info] [#0:/home/wellackshually/personal/git/config_manager/lsps/lsp_releases/lua-language-server-3.13.6/main.lua:72]: VERSION:	3.13.6
[22:27:54.407][info] [#0:script/proto/proto.lua:260]: Listen Mode: stdio
[22:27:54.407][info] [#0:script/service/service.lua:145]: 
========= Medical Examination Report =========
    --------------- Memory ---------------
        Total: 2.260 MB
        # 00 : 2.260 MB
        # 01 : 0.000 MB
        # 02 : 0.000 MB
        # 03 : 0.000 MB
        # 04 : 0.000 MB
    --------------- Coroutine ---------------
        Total:     0
        Running:   0
        Suspended: 0
        Normal:    0
        Dead:      0
    --------------- Cache ---------------
        Total: 1
        Dead:  0
    ---------------  RPC  ---------------
        Holdon:   0
        Waiting:  0
==============================================
[22:27:54.510][info] [#0:script/client.lua:657]: Client init	{
  capabilities = {
    general = {
      positionEncodings = { "utf-8", "utf-16", "utf-32" }
    },
    textDocument = {
      callHierarchy = {
        dynamicRegistration = false
      },
      codeAction = {
        codeActionLiteralSupport = {
          codeActionKind = {
            valueSet = { "", "quickfix", "refactor", "refactor.extract", "refactor.inline", "refactor.rewrite", "source", "source.organizeImports" }
          }
        },
        dataSupport = true,
        dynamicRegistration = true,
        isPreferredSupport = true,
        resolveSupport = {
          properties = { "edit" }
        }
      },
      codeLens = {
        dynamicRegistration = false,
        resolveSupport = {
          properties = { "command" }
        }
      },
      completion = {
        completionItem = {
          commitCharactersSupport = false,
          deprecatedSupport = true,
          documentationFormat = { "markdown", "plaintext" },
          insertReplaceSupport = true,
          insertTextModeSupport = {
            valueSet = { 1 }
          },
          labelDetailsSupport = true,
          preselectSupport = false,
          resolveSupport = {
            properties = { "documentation", "detail", "additionalTextEdits" }
          },
          snippetSupport = true,
          tagSupport = {
            valueSet = { 1 }
          }
        },
        completionItemKind = {
          valueSet = { 1, 2, 3, 4, 5, 6, 7, 8, 9, 10, 11, 12, 13, 14, 15, 16, 17, 18, 19, 20, 21, 22, 23, 24, 25 }
        },
        completionList = {
          itemDefaults = { "commitCharacters", "editRange", "insertTextFormat", "insertTextMode", "data" }
        },
        contextSupport = true,
        dynamicRegistration = false,
        insertTextMode = 1
      },
      declaration = {
        linkSupport = true
      },
      definition = {
        dynamicRegistration = true,
        linkSupport = true
      },
      diagnostic = {
        dynamicRegistration = false
      },
      documentHighlight = {
        dynamicRegistration = false
      },
      documentSymbol = {
        dynamicRegistration = false,
        hierarchicalDocumentSymbolSupport = true,
        symbolKind = {
          valueSet = { 1, 2, 3, 4, 5, 6, 7, 8, 9, 10, 11, 12, 13, 14, 15, 16, 17, 18, 19, 20, 21, 22, 23, 24, 25, 26 }
        }
      },
      foldingRange = {
        dynamicRegistration = false,
        foldingRange = {
          collapsedText = true
        },
        lineFoldingOnly = true
      },
      formatting = {
        dynamicRegistration = true
      },
      hover = {
        contentFormat = { "markdown", "plaintext" },
        dynamicRegistration = true
      },
      implementation = {
        linkSupport = true
      },
      inlayHint = {
        dynamicRegistration = true,
        resolveSupport = {
          properties = { "textEdits", "tooltip", "location", "command" }
        }
      },
      publishDiagnostics = {
        dataSupport = true,
        relatedInformation = true,
        tagSupport = {
          valueSet = { 1, 2 }
        }
      },
      rangeFormatting = {
        dynamicRegistration = true,
        rangesSupport = true
      },
      references = {
        dynamicRegistration = false
      },
      rename = {
        dynamicRegistration = true,
        prepareSupport = true
      },
      semanticTokens = {
        augmentsSyntaxTokens = true,
        dynamicRegistration = false,
        formats = { "relative" },
        multilineTokenSupport = false,
        overlappingTokenSupport = true,
        requests = {
          full = {
            delta = true
          },
          range = false
        },
        serverCancelSupport = false,
        tokenModifiers = { "declaration", "definition", "readonly", "static", "deprecated", "abstract", "async", "modification", "documentation", "defaultLibrary" },
        tokenTypes = { "namespace", "type", "class", "enum", "interface", "struct", "typeParameter", "parameter", "variable", "property", "enumMember", "event", "function", "method", "macro", "keyword", "modifier", "comment", "string", "number", "regexp", "operator", "decorator" }
      },
      signatureHelp = {
        dynamicRegistration = false,
        signatureInformation = {
          activeParameterSupport = true,
          documentationFormat = { "markdown", "plaintext" },
          parameterInformation = {
            labelOffsetSupport = true
          }
        }
      },
      synchronization = {
        didSave = true,
        dynamicRegistration = false,
        willSave = true,
        willSaveWaitUntil = true
      },
      typeDefinition = {
        linkSupport = true
      }
    },
    window = {
      showDocument = {
        support = true
      },
      showMessage = {
        messageActionItem = {
          additionalPropertiesSupport = true
        }
      },
      workDoneProgress = true
    },
    workspace = {
      applyEdit = true,
      configuration = true,
      didChangeConfiguration = {
        dynamicRegistration = false
      },
      didChangeWatchedFiles = {
        dynamicRegistration = false,
        relativePatternSupport = true
      },
      inlayHint = {
        refreshSupport = true
      },
      semanticTokens = {
        refreshSupport = true
      },
      symbol = {
        dynamicRegistration = false,
        symbolKind = {
          valueSet = { 1, 2, 3, 4, 5, 6, 7, 8, 9, 10, 11, 12, 13, 14, 15, 16, 17, 18, 19, 20, 21, 22, 23, 24, 25, 26 }
        }
      },
      workspaceEdit = {
        resourceOperations = { "rename", "create", "delete" }
      },
      workspaceFolders = true
    }
  },
  clientInfo = {
    name = "Neovim",
    version = "0.11.0-dev+f20335a"
  },
  initializationOptions = {},
  processId = 64722,
  rootPath = "/home/wellackshually/.config/nvim",
  rootUri = "file:///home/wellackshually/.config/nvim",
  trace = "off",
  workDoneToken = "1",
  workspaceFolders = { {
      name = "/home/wellackshually/.config/nvim",
      uri = "file:///home/wellackshually/.config/nvim"
    } }
}
[22:27:54.511][info] [#0:script/language.lua:137]: VSC language: nil
[22:27:54.511][info] [#0:script/language.lua:138]: LS  language: en-us
[22:27:54.511][info] [#0:script/workspace/workspace.lua:38]: Workspace init root: 	file:///home/wellackshually/.config/nvim
[22:27:54.511][info] [#0:script/workspace/workspace.lua:42]: Log path: 	/home/wellackshually/personal/git/config_manager/lsps/lsp_releases/lua-language-server-3.13.6/log/file_home_wellackshually_.config_nvim.log
[22:27:54.511][info] [#0:script/workspace/workspace.lua:48]: Workspace create: 	file:///home/wellackshually/.config/nvim
[22:27:54.815][info] [#0:script/provider/provider.lua:49]: Load config from client	file:///home/wellackshually/.config/nvim
[22:27:54.815][info] [#0:script/provider/provider.lua:50]: {
  Lua = {
    runtime = {
      path = { "?.lua", "?/init.lua" },
      pathStrict = true,
      version = "LuaJIT"
    },
    workspace = {
      checkThirdParty = false,
      ignoreDir = { "/lua" },
      library = { "/usr/local/share/nvim/runtime/lua", "/home/wellackshually/.config/nvim/lua" }
    }
  }
}
[22:27:54.916][info] [#0:script/provider/provider.lua:49]: Load config from client	file:///home/wellackshually/.config/nvim
[22:27:54.916][info] [#0:script/provider/provider.lua:50]: {
  Lua = {
    runtime = {
      path = { "?.lua", "?/init.lua" },
      pathStrict = true,
      version = "LuaJIT"
    },
    workspace = {
      checkThirdParty = false,
      ignoreDir = { "/lua" },
      library = { "/usr/local/share/nvim/runtime/lua", "/home/wellackshually/.config/nvim/lua" }
    }
  }
}
[22:27:54.917][warn] [#0:script/config/loader.lua:116]: No config?	{}
[22:27:54.917][info] [#0:script/provider/provider.lua:65]: Load config from client	fallback
[22:27:54.917][info] [#0:script/provider/provider.lua:66]: nil
[22:27:55.031][info] [#0:script/library.lua:212]: Init builtin library at:	file:///home/wellackshually/.config/nvim
[22:27:55.049][info] [#0:script/library.lua:212]: Init builtin library at:	nil
[22:27:55.055][warn] [#0:script/config/loader.lua:116]: No config?	{}
[22:27:55.055][info] [#0:script/provider/provider.lua:65]: Load config from client	fallback
[22:27:55.055][info] [#0:script/provider/provider.lua:66]: nil
[22:27:55.155][info] [#0:script/workspace/workspace.lua:324]: Preload start:	file:///home/wellackshually/.config/nvim
[22:27:55.167][info] [#0:script/workspace/workspace.lua:330]: Scan files at:	file:///home/wellackshually/.config/nvim
[22:27:55.168][info] [#0:script/workspace/workspace.lua:324]: Preload start:	<fallback>
[22:27:55.171][info] [#0:script/workspace/workspace.lua:353]: Scan library at:	file:///home/wellackshually/personal/git/config_manager/lsps/lsp_releases/lua-language-server-3.13.6/meta/Lua%205.4%20en-us%20utf8/utf8.lua
[22:27:55.172][info] [#0:script/workspace/workspace.lua:353]: Scan library at:	file:///home/wellackshually/personal/git/config_manager/lsps/lsp_releases/lua-language-server-3.13.6/meta/Lua%205.4%20en-us%20utf8/table.lua
[22:27:55.172][info] [#0:script/workspace/workspace.lua:353]: Scan library at:	file:///home/wellackshually/personal/git/config_manager/lsps/lsp_releases/lua-language-server-3.13.6/meta/Lua%205.4%20en-us%20utf8/debug.lua
[22:27:55.173][info] [#0:script/workspace/workspace.lua:353]: Scan library at:	file:///home/wellackshually/personal/git/config_manager/lsps/lsp_releases/lua-language-server-3.13.6/meta/Lua%205.4%20en-us%20utf8/package.lua
[22:27:55.173][info] [#0:script/workspace/workspace.lua:353]: Scan library at:	file:///home/wellackshually/personal/git/config_manager/lsps/lsp_releases/lua-language-server-3.13.6/meta/Lua%205.4%20en-us%20utf8/os.lua
[22:27:55.173][info] [#0:script/workspace/workspace.lua:353]: Scan library at:	file:///home/wellackshually/personal/git/config_manager/lsps/lsp_releases/lua-language-server-3.13.6/meta/Lua%205.4%20en-us%20utf8/builtin.lua
[22:27:55.173][info] [#0:script/workspace/workspace.lua:353]: Scan library at:	file:///home/wellackshually/personal/git/config_manager/lsps/lsp_releases/lua-language-server-3.13.6/meta/Lua%205.4%20en-us%20utf8/io.lua
[22:27:55.174][info] [#0:script/workspace/workspace.lua:353]: Scan library at:	file:///home/wellackshually/personal/git/config_manager/lsps/lsp_releases/lua-language-server-3.13.6/meta/Lua%205.4%20en-us%20utf8/basic.lua
[22:27:55.174][info] [#0:script/workspace/workspace.lua:353]: Scan library at:	file:///home/wellackshually/personal/git/config_manager/lsps/lsp_releases/lua-language-server-3.13.6/meta/Lua%205.4%20en-us%20utf8/string.lua
[22:27:55.175][info] [#0:script/workspace/workspace.lua:353]: Scan library at:	file:///home/wellackshually/personal/git/config_manager/lsps/lsp_releases/lua-language-server-3.13.6/meta/Lua%205.4%20en-us%20utf8/math.lua
[22:27:55.175][info] [#0:script/workspace/workspace.lua:353]: Scan library at:	file:///home/wellackshually/personal/git/config_manager/lsps/lsp_releases/lua-language-server-3.13.6/meta/Lua%205.4%20en-us%20utf8/coroutine.lua
[22:27:55.175][info] [#0:script/workspace/workspace.lua:353]: Scan library at:	file:///home/wellackshually/personal/git/config_manager/lsps/lsp_releases/lua-language-server-3.13.6/meta/LuaJIT%20en-us%20utf8/debug.lua
[22:27:55.175][info] [#0:script/workspace/workspace.lua:353]: Scan library at:	file:///home/wellackshually/personal/git/config_manager/lsps/lsp_releases/lua-language-server-3.13.6/meta/LuaJIT%20en-us%20utf8/os.lua
[22:27:55.175][info] [#0:script/workspace/workspace.lua:353]: Scan library at:	file:///home/wellackshually/personal/git/config_manager/lsps/lsp_releases/lua-language-server-3.13.6/meta/LuaJIT%20en-us%20utf8/math.lua
[22:27:55.175][info] [#0:script/workspace/workspace.lua:353]: Scan library at:	file:///home/wellackshually/personal/git/config_manager/lsps/lsp_releases/lua-language-server-3.13.6/meta/LuaJIT%20en-us%20utf8/coroutine.lua
[22:27:55.176][info] [#0:script/workspace/workspace.lua:353]: Scan library at:	file:///home/wellackshually/personal/git/config_manager/lsps/lsp_releases/lua-language-server-3.13.6/meta/LuaJIT%20en-us%20utf8/jit/util.lua
[22:27:55.176][info] [#0:script/workspace/workspace.lua:353]: Scan library at:	file:///home/wellackshually/personal/git/config_manager/lsps/lsp_releases/lua-language-server-3.13.6/meta/LuaJIT%20en-us%20utf8/string.lua
[22:27:55.176][info] [#0:script/workspace/workspace.lua:353]: Scan library at:	file:///home/wellackshually/personal/git/config_manager/lsps/lsp_releases/lua-language-server-3.13.6/meta/LuaJIT%20en-us%20utf8/basic.lua
[22:27:55.176][info] [#0:script/workspace/workspace.lua:353]: Scan library at:	file:///home/wellackshually/personal/git/config_manager/lsps/lsp_releases/lua-language-server-3.13.6/meta/LuaJIT%20en-us%20utf8/jit.lua
[22:27:55.176][info] [#0:script/workspace/workspace.lua:353]: Scan library at:	file:///home/wellackshually/personal/git/config_manager/lsps/lsp_releases/lua-language-server-3.13.6/meta/LuaJIT%20en-us%20utf8/package.lua
[22:27:55.176][info] [#0:script/workspace/workspace.lua:353]: Scan library at:	file:///home/wellackshually/personal/git/config_manager/lsps/lsp_releases/lua-language-server-3.13.6/meta/LuaJIT%20en-us%20utf8/builtin.lua
[22:27:55.176][info] [#0:script/workspace/workspace.lua:353]: Scan library at:	file:///home/wellackshually/personal/git/config_manager/lsps/lsp_releases/lua-language-server-3.13.6/meta/LuaJIT%20en-us%20utf8/string/buffer.lua
[22:27:55.176][info] [#0:script/workspace/workspace.lua:353]: Scan library at:	file:///home/wellackshually/personal/git/config_manager/lsps/lsp_releases/lua-language-server-3.13.6/meta/LuaJIT%20en-us%20utf8/io.lua
[22:27:55.177][info] [#0:script/workspace/workspace.lua:353]: Scan library at:	file:///home/wellackshually/personal/git/config_manager/lsps/lsp_releases/lua-language-server-3.13.6/meta/LuaJIT%20en-us%20utf8/ffi.lua
[22:27:55.177][info] [#0:script/workspace/workspace.lua:353]: Scan library at:	file:///home/wellackshually/personal/git/config_manager/lsps/lsp_releases/lua-language-server-3.13.6/meta/LuaJIT%20en-us%20utf8/table/clear.lua
[22:27:55.177][info] [#0:script/workspace/workspace.lua:353]: Scan library at:	file:///home/wellackshually/personal/git/config_manager/lsps/lsp_releases/lua-language-server-3.13.6/meta/LuaJIT%20en-us%20utf8/bit.lua
[22:27:55.177][info] [#0:script/workspace/workspace.lua:353]: Scan library at:	file:///home/wellackshually/personal/git/config_manager/lsps/lsp_releases/lua-language-server-3.13.6/meta/LuaJIT%20en-us%20utf8/table/new.lua
[22:27:55.177][info] [#0:script/workspace/workspace.lua:353]: Scan library at:	file:///usr/local/share/nvim/runtime/lua
[22:27:55.188][info] [#0:script/workspace/workspace.lua:353]: Scan library at:	file:///home/wellackshually/personal/git/config_manager/lsps/lsp_releases/lua-language-server-3.13.6/meta/LuaJIT%20en-us%20utf8/table.lua
[22:27:55.188][info] [#0:script/workspace/workspace.lua:353]: Scan library at:	file:///home/wellackshually/.config/nvim/lua
[22:27:55.189][info] [#0:script/workspace/workspace.lua:353]: Scan library at:	file:///home/wellackshually/personal/git/config_manager/lsps/lsp_releases/lua-language-server-3.13.6/meta/LuaJIT%20en-us%20utf8/jit/profile.lua
[22:27:55.290][info] [#0:script/workspace/workspace.lua:379]: Found 11 files at:	<fallback>
[22:27:55.290][info] [#0:script/workspace/loading.lua:160]: Load files from disk:	<fallback>
[22:27:55.290][info] [#0:script/workspace/workspace.lua:379]: Found 156 files at:	file:///home/wellackshually/.config/nvim
[22:27:55.290][info] [#0:script/workspace/loading.lua:160]: Load files from disk:	file:///home/wellackshually/.config/nvim
[22:27:55.293][info] [#0:script/workspace/loading.lua:100]: Preload file at: file:///home/wellackshually/personal/git/config_manager/lsps/lsp_releases/lua-language-server-3.13.6/meta/Lua%205.4%20en-us%20utf8/coroutine.lua , size = 2.590 KB
[22:27:55.298][info] [#0:script/workspace/loading.lua:112]: ++++As library of:	file:///home/wellackshually/personal/git/config_manager/lsps/lsp_releases/lua-language-server-3.13.6/meta/Lua%205.4%20en-us%20utf8/coroutine.lua
[22:27:55.298][info] [#0:script/workspace/loading.lua:100]: Preload file at: file:///home/wellackshually/personal/git/config_manager/lsps/lsp_releases/lua-language-server-3.13.6/meta/LuaJIT%20en-us%20utf8/jit/profile.lua , size = 0.348 KB
[22:27:55.300][info] [#0:script/workspace/loading.lua:112]: ++++As library of:	file:///home/wellackshually/personal/git/config_manager/lsps/lsp_releases/lua-language-server-3.13.6/meta/LuaJIT%20en-us%20utf8/jit/profile.lua
[22:27:55.300][info] [#0:script/workspace/loading.lua:100]: Preload file at: file:///home/wellackshually/.config/nvim/lua/config/lazy.lua , size = 1.273 KB
[22:27:55.303][info] [#0:script/workspace/loading.lua:112]: ++++As library of:	file:///home/wellackshually/.config/nvim/lua
[22:27:55.303][info] [#0:script/workspace/loading.lua:100]: Preload file at: file:///home/wellackshually/personal/git/config_manager/lsps/lsp_releases/lua-language-server-3.13.6/meta/Lua%205.4%20en-us%20utf8/string.lua , size = 6.327 KB
[22:27:55.312][info] [#0:script/workspace/loading.lua:112]: ++++As library of:	file:///home/wellackshually/personal/git/config_manager/lsps/lsp_releases/lua-language-server-3.13.6/meta/Lua%205.4%20en-us%20utf8/string.lua
[22:27:55.312][info] [#0:script/workspace/loading.lua:100]: Preload file at: file:///home/wellackshually/personal/git/config_manager/lsps/lsp_releases/lua-language-server-3.13.6/meta/Lua%205.4%20en-us%20utf8/math.lua , size = 8.509 KB
[22:27:55.315][info] [#0:script/workspace/loading.lua:112]: ++++As library of:	file:///home/wellackshually/personal/git/config_manager/lsps/lsp_releases/lua-language-server-3.13.6/meta/Lua%205.4%20en-us%20utf8/math.lua
[22:27:55.315][info] [#0:script/workspace/loading.lua:100]: Preload file at: file:///home/wellackshually/.config/nvim/lua/config/telescope/multigrep.lua , size = 1.247 KB
[22:27:55.316][info] [#0:script/workspace/loading.lua:112]: ++++As library of:	file:///home/wellackshually/.config/nvim/lua
[22:27:55.316][info] [#0:script/workspace/loading.lua:100]: Preload file at: file:///home/wellackshually/.config/nvim/lua/config/plugins/dev.lua , size = 0.085 KB
[22:27:55.316][info] [#0:script/workspace/loading.lua:112]: ++++As library of:	file:///home/wellackshually/.config/nvim/lua
[22:27:55.316][info] [#0:script/workspace/loading.lua:100]: Preload file at: file:///home/wellackshually/personal/git/config_manager/lsps/lsp_releases/lua-language-server-3.13.6/meta/Lua%205.4%20en-us%20utf8/basic.lua , size = 15.841 KB
[22:27:55.321][info] [#0:script/workspace/loading.lua:112]: ++++As library of:	file:///home/wellackshually/personal/git/config_manager/lsps/lsp_releases/lua-language-server-3.13.6/meta/Lua%205.4%20en-us%20utf8/basic.lua
[22:27:55.321][info] [#0:script/workspace/loading.lua:100]: Preload file at: file:///home/wellackshually/.config/nvim/lua/config/plugins/oil.lua , size = 0.349 KB
[22:27:55.321][info] [#0:script/workspace/loading.lua:112]: ++++As library of:	file:///home/wellackshually/.config/nvim/lua
[22:27:55.321][info] [#0:script/workspace/loading.lua:100]: Preload file at: file:///home/wellackshually/personal/git/config_manager/lsps/lsp_releases/lua-language-server-3.13.6/meta/Lua%205.4%20en-us%20utf8/io.lua , size = 6.364 KB
[22:27:55.322][info] [#0:script/workspace/loading.lua:112]: ++++As library of:	file:///home/wellackshually/personal/git/config_manager/lsps/lsp_releases/lua-language-server-3.13.6/meta/Lua%205.4%20en-us%20utf8/io.lua
[22:27:55.322][info] [#0:script/workspace/loading.lua:100]: Preload file at: file:///home/wellackshually/personal/git/config_manager/lsps/lsp_releases/lua-language-server-3.13.6/meta/Lua%205.4%20en-us%20utf8/builtin.lua , size = 0.302 KB
[22:27:55.323][info] [#0:script/workspace/loading.lua:112]: ++++As library of:	file:///home/wellackshually/personal/git/config_manager/lsps/lsp_releases/lua-language-server-3.13.6/meta/Lua%205.4%20en-us%20utf8/builtin.lua
[22:27:55.323][info] [#0:script/workspace/loading.lua:100]: Preload file at: file:///home/wellackshually/.config/nvim/lua/config/plugins/lsp.lua , size = 1.429 KB
[22:27:55.323][info] [#0:script/workspace/loading.lua:112]: ++++As library of:	file:///home/wellackshually/.config/nvim/lua
[22:27:55.323][info] [#0:script/workspace/loading.lua:100]: Preload file at: file:///home/wellackshually/.config/nvim/lua/config/plugins/telescope.lua , size = 1.062 KB
[22:27:55.324][info] [#0:script/workspace/loading.lua:112]: ++++As library of:	file:///home/wellackshually/.config/nvim/lua
[22:27:55.324][info] [#0:script/workspace/loading.lua:100]: Preload file at: file:///home/wellackshually/personal/git/config_manager/lsps/lsp_releases/lua-language-server-3.13.6/meta/Lua%205.4%20en-us%20utf8/os.lua , size = 5.600 KB
[22:27:55.325][info] [#0:script/workspace/loading.lua:112]: ++++As library of:	file:///home/wellackshually/personal/git/config_manager/lsps/lsp_releases/lua-language-server-3.13.6/meta/Lua%205.4%20en-us%20utf8/os.lua
[22:27:55.325][info] [#0:script/workspace/loading.lua:100]: Preload file at: file:///home/wellackshually/.config/nvim/lua/config/plugins/completion.lua , size = 0.312 KB
[22:27:55.325][info] [#0:script/workspace/loading.lua:112]: ++++As library of:	file:///home/wellackshually/.config/nvim/lua
[22:27:55.325][info] [#0:script/workspace/loading.lua:100]: Preload file at: file:///home/wellackshually/personal/git/config_manager/lsps/lsp_releases/lua-language-server-3.13.6/meta/Lua%205.4%20en-us%20utf8/package.lua , size = 2.944 KB
[22:27:55.326][info] [#0:script/workspace/loading.lua:112]: ++++As library of:	file:///home/wellackshually/personal/git/config_manager/lsps/lsp_releases/lua-language-server-3.13.6/meta/Lua%205.4%20en-us%20utf8/package.lua
[22:27:55.326][info] [#0:script/workspace/loading.lua:100]: Preload file at: file:///home/wellackshually/.config/nvim/lua/config/plugins/mini.lua , size = 0.218 KB
[22:27:55.326][info] [#0:script/workspace/loading.lua:112]: ++++As library of:	file:///home/wellackshually/.config/nvim/lua
[22:27:55.326][info] [#0:script/workspace/loading.lua:100]: Preload file at: file:///home/wellackshually/personal/git/config_manager/lsps/lsp_releases/lua-language-server-3.13.6/meta/Lua%205.4%20en-us%20utf8/debug.lua , size = 7.637 KB
[22:27:55.329][info] [#0:script/workspace/loading.lua:112]: ++++As library of:	file:///home/wellackshually/personal/git/config_manager/lsps/lsp_releases/lua-language-server-3.13.6/meta/Lua%205.4%20en-us%20utf8/debug.lua
[22:27:55.329][info] [#0:script/workspace/loading.lua:100]: Preload file at: file:///home/wellackshually/.config/nvim/lua/config/plugins/treesitter.lua , size = 1.060 KB
[22:27:55.330][info] [#0:script/workspace/loading.lua:112]: ++++As library of:	file:///home/wellackshually/.config/nvim/lua
[22:27:55.330][info] [#0:script/workspace/loading.lua:100]: Preload file at: file:///home/wellackshually/personal/git/config_manager/lsps/lsp_releases/lua-language-server-3.13.6/meta/Lua%205.4%20en-us%20utf8/table.lua , size = 4.445 KB
[22:27:55.331][info] [#0:script/workspace/loading.lua:112]: ++++As library of:	file:///home/wellackshually/personal/git/config_manager/lsps/lsp_releases/lua-language-server-3.13.6/meta/Lua%205.4%20en-us%20utf8/table.lua
[22:27:55.331][info] [#0:script/workspace/loading.lua:100]: Preload file at: file:///home/wellackshually/personal/git/config_manager/lsps/lsp_releases/lua-language-server-3.13.6/meta/Lua%205.4%20en-us%20utf8/utf8.lua , size = 2.386 KB
[22:27:55.331][info] [#0:script/workspace/loading.lua:112]: ++++As library of:	file:///home/wellackshually/personal/git/config_manager/lsps/lsp_releases/lua-language-server-3.13.6/meta/Lua%205.4%20en-us%20utf8/utf8.lua
[22:27:55.331][info] [#0:script/workspace/loading.lua:100]: Preload file at: file:///home/wellackshually/personal/git/config_manager/lsps/lsp_releases/lua-language-server-3.13.6/meta/LuaJIT%20en-us%20utf8/table.lua , size = 4.445 KB
[22:27:55.333][info] [#0:script/workspace/loading.lua:112]: ++++As library of:	file:///home/wellackshually/personal/git/config_manager/lsps/lsp_releases/lua-language-server-3.13.6/meta/LuaJIT%20en-us%20utf8/table.lua
[22:27:55.333][info] [#0:script/workspace/loading.lua:100]: Preload file at: file:///usr/local/share/nvim/runtime/lua/vim/termcap.lua , size = 3.114 KB
[22:27:55.334][info] [#0:script/workspace/loading.lua:112]: ++++As library of:	file:///usr/local/share/nvim/runtime/lua
[22:27:55.334][info] [#0:script/workspace/loading.lua:100]: Preload file at: file:///usr/local/share/nvim/runtime/lua/vim/deprecated/health.lua , size = 1.260 KB
[22:27:55.334][info] [#0:script/workspace/loading.lua:112]: ++++As library of:	file:///usr/local/share/nvim/runtime/lua
[22:27:55.334][info] [#0:script/workspace/loading.lua:100]: Preload file at: file:///usr/local/share/nvim/runtime/lua/vim/treesitter/highlighter.lua , size = 11.834 KB
[22:27:55.338][info] [#0:script/workspace/loading.lua:112]: ++++As library of:	file:///usr/local/share/nvim/runtime/lua
[22:27:55.338][info] [#0:script/workspace/loading.lua:100]: Preload file at: file:///usr/local/share/nvim/runtime/lua/vim/treesitter/_fold.lua , size = 14.517 KB
[22:27:55.343][info] [#0:script/workspace/loading.lua:112]: ++++As library of:	file:///usr/local/share/nvim/runtime/lua
[22:27:55.343][info] [#0:script/workspace/loading.lua:100]: Preload file at: file:///usr/local/share/nvim/runtime/lua/vim/treesitter/language.lua , size = 5.158 KB
[22:27:55.344][info] [#0:script/workspace/loading.lua:112]: ++++As library of:	file:///usr/local/share/nvim/runtime/lua
[22:27:55.344][info] [#0:script/workspace/loading.lua:100]: Preload file at: file:///usr/local/share/nvim/runtime/lua/vim/treesitter/dev.lua , size = 20.604 KB
[22:27:55.349][info] [#0:script/workspace/loading.lua:112]: ++++As library of:	file:///usr/local/share/nvim/runtime/lua
[22:27:55.349][info] [#0:script/workspace/loading.lua:100]: Preload file at: file:///usr/local/share/nvim/runtime/lua/vim/treesitter/health.lua , size = 1.142 KB
[22:27:55.350][info] [#0:script/workspace/loading.lua:112]: ++++As library of:	file:///usr/local/share/nvim/runtime/lua
[22:27:55.350][info] [#0:script/workspace/loading.lua:100]: Preload file at: file:///usr/local/share/nvim/runtime/lua/vim/treesitter/_range.lua , size = 3.923 KB
[22:27:55.351][info] [#0:script/workspace/loading.lua:112]: ++++As library of:	file:///usr/local/share/nvim/runtime/lua
[22:27:55.351][info] [#0:script/workspace/loading.lua:100]: Preload file at: file:///usr/local/share/nvim/runtime/lua/vim/treesitter/_meta/misc.lua , size = 2.643 KB
[22:27:55.353][info] [#0:script/workspace/loading.lua:112]: ++++As library of:	file:///usr/local/share/nvim/runtime/lua
[22:27:55.353][info] [#0:script/workspace/loading.lua:100]: Preload file at: file:///usr/local/share/nvim/runtime/lua/vim/treesitter/_meta/tstree.lua , size = 1.234 KB
[22:27:55.353][info] [#0:script/workspace/loading.lua:112]: ++++As library of:	file:///usr/local/share/nvim/runtime/lua
[22:27:55.353][info] [#0:script/workspace/loading.lua:100]: Preload file at: file:///usr/local/share/nvim/runtime/lua/vim/treesitter/query.lua , size = 37.264 KB
[22:27:55.364][info] [#0:script/workspace/loading.lua:112]: ++++As library of:	file:///usr/local/share/nvim/runtime/lua
[22:27:55.364][info] [#0:script/workspace/loading.lua:100]: Preload file at: file:///usr/local/share/nvim/runtime/lua/vim/treesitter/_meta/tsnode.lua , size = 5.682 KB
[22:27:55.366][info] [#0:script/workspace/loading.lua:112]: ++++As library of:	file:///usr/local/share/nvim/runtime/lua
[22:27:55.366][info] [#0:script/workspace/loading.lua:100]: Preload file at: file:///usr/local/share/nvim/runtime/lua/vim/treesitter/_query_linter.lua , size = 7.818 KB
[22:27:55.368][info] [#0:script/workspace/loading.lua:112]: ++++As library of:	file:///usr/local/share/nvim/runtime/lua
[22:27:55.368][info] [#0:script/workspace/loading.lua:100]: Preload file at: file:///usr/local/share/nvim/runtime/lua/vim/keymap.lua , size = 3.683 KB
[22:27:55.369][info] [#0:script/workspace/loading.lua:112]: ++++As library of:	file:///usr/local/share/nvim/runtime/lua
[22:27:55.369][info] [#0:script/workspace/loading.lua:100]: Preload file at: file:///usr/local/share/nvim/runtime/lua/vim/treesitter/languagetree.lua , size = 39.590 KB
[22:27:55.380][info] [#0:script/workspace/loading.lua:112]: ++++As library of:	file:///usr/local/share/nvim/runtime/lua
[22:27:55.380][info] [#0:script/workspace/loading.lua:100]: Preload file at: file:///usr/local/share/nvim/runtime/lua/vim/glob.lua , size = 3.312 KB
[22:27:55.381][info] [#0:script/workspace/loading.lua:112]: ++++As library of:	file:///usr/local/share/nvim/runtime/lua
[22:27:55.381][info] [#0:script/workspace/loading.lua:100]: Preload file at: file:///usr/local/share/nvim/runtime/lua/vim/health/health.lua , size = 12.863 KB
[22:27:55.384][info] [#0:script/workspace/loading.lua:112]: ++++As library of:	file:///usr/local/share/nvim/runtime/lua
[22:27:55.385][info] [#0:script/workspace/loading.lua:100]: Preload file at: file:///usr/local/share/nvim/runtime/lua/vim/func/_memoize.lua , size = 1.979 KB
[22:27:55.386][info] [#0:script/workspace/loading.lua:112]: ++++As library of:	file:///usr/local/share/nvim/runtime/lua
[22:27:55.386][info] [#0:script/workspace/loading.lua:100]: Preload file at: file:///usr/local/share/nvim/runtime/lua/vim/lsp/_tagfunc.lua , size = 3.236 KB
[22:27:55.387][info] [#0:script/workspace/loading.lua:112]: ++++As library of:	file:///usr/local/share/nvim/runtime/lua
[22:27:55.387][info] [#0:script/workspace/loading.lua:100]: Preload file at: file:///usr/local/share/nvim/runtime/lua/vim/lsp/log.lua , size = 4.777 KB
[22:27:55.392][info] [#0:script/workspace/loading.lua:112]: ++++As library of:	file:///usr/local/share/nvim/runtime/lua
[22:27:55.392][info] [#0:script/workspace/loading.lua:172]: Loaded files takes [0.110] sec: <fallback>
[22:27:55.392][info] [#0:script/workspace/loading.lua:181]: Compile files takes [0.000] sec: <fallback>
[22:27:55.392][info] [#0:script/workspace/loading.lua:182]: Loaded finish:	<fallback>
[22:27:55.392][info] [#0:script/workspace/workspace.lua:381]: Preload finish at:	<fallback>
[22:27:55.394][info] [#0:script/workspace/loading.lua:100]: Preload file at: file:///usr/local/share/nvim/runtime/lua/vim/lsp/semantic_tokens.lua , size = 27.239 KB
[22:27:55.400][info] [#0:script/workspace/loading.lua:112]: ++++As library of:	file:///usr/local/share/nvim/runtime/lua
[22:27:55.400][info] [#0:script/workspace/loading.lua:100]: Preload file at: file:///usr/local/share/nvim/runtime/lua/vim/lsp/_snippet_grammar.lua , size = 6.228 KB
[22:27:55.402][info] [#0:script/workspace/loading.lua:112]: ++++As library of:	file:///usr/local/share/nvim/runtime/lua
[22:27:55.402][info] [#0:script/workspace/loading.lua:100]: Preload file at: file:///usr/local/share/nvim/runtime/lua/vim/lsp/_watchfiles.lua , size = 6.813 KB
[22:27:55.404][info] [#0:script/workspace/loading.lua:112]: ++++As library of:	file:///usr/local/share/nvim/runtime/lua
[22:27:55.404][info] [#0:script/workspace/loading.lua:100]: Preload file at: file:///usr/local/share/nvim/runtime/lua/vim/lsp/diagnostic.lua , size = 12.019 KB
[22:27:55.407][info] [#0:script/workspace/loading.lua:112]: ++++As library of:	file:///usr/local/share/nvim/runtime/lua
[22:27:55.407][info] [#0:script/workspace/loading.lua:100]: Preload file at: file:///usr/local/share/nvim/runtime/lua/vim/lsp/rpc.lua , size = 22.239 KB
[22:27:55.413][info] [#0:script/workspace/loading.lua:112]: ++++As library of:	file:///usr/local/share/nvim/runtime/lua
[22:27:55.413][info] [#0:script/workspace/loading.lua:100]: Preload file at: file:///usr/local/share/nvim/runtime/lua/vim/lsp/protocol.lua , size = 40.229 KB
[22:27:55.418][info] [#0:script/workspace/loading.lua:112]: ++++As library of:	file:///usr/local/share/nvim/runtime/lua
[22:27:55.418][info] [#0:script/workspace/loading.lua:100]: Preload file at: file:///usr/local/share/nvim/runtime/lua/vim/lsp/codelens.lua , size = 9.245 KB
[22:27:55.421][info] [#0:script/workspace/loading.lua:112]: ++++As library of:	file:///usr/local/share/nvim/runtime/lua
[22:27:55.421][info] [#0:script/workspace/loading.lua:100]: Preload file at: file:///usr/local/share/nvim/runtime/lua/vim/lsp/client.lua , size = 40.475 KB
[22:27:55.437][info] [#0:script/workspace/loading.lua:112]: ++++As library of:	file:///usr/local/share/nvim/runtime/lua
[22:27:55.437][info] [#0:script/workspace/loading.lua:100]: Preload file at: file:///usr/local/share/nvim/runtime/lua/vim/lsp/util.lua , size = 74.187 KB
[22:27:55.455][info] [#0:script/workspace/loading.lua:112]: ++++As library of:	file:///usr/local/share/nvim/runtime/lua
[22:27:55.455][info] [#0:script/workspace/loading.lua:100]: Preload file at: file:///usr/local/share/nvim/runtime/lua/vim/lsp/handlers.lua , size = 24.316 KB
[22:27:55.461][info] [#0:script/workspace/loading.lua:112]: ++++As library of:	file:///usr/local/share/nvim/runtime/lua
[22:27:55.461][info] [#0:script/workspace/loading.lua:100]: Preload file at: file:///usr/local/share/nvim/runtime/lua/vim/lsp/_meta.lua , size = 0.585 KB
[22:27:55.461][info] [#0:script/workspace/loading.lua:112]: ++++As library of:	file:///usr/local/share/nvim/runtime/lua
[22:27:55.461][info] [#0:script/workspace/loading.lua:100]: Preload file at: file:///usr/local/share/nvim/runtime/lua/vim/lsp/_folding_range.lua , size = 11.103 KB
[22:27:55.464][info] [#0:script/workspace/loading.lua:112]: ++++As library of:	file:///usr/local/share/nvim/runtime/lua
[22:27:55.464][info] [#0:script/workspace/loading.lua:100]: Preload file at: file:///usr/local/share/nvim/runtime/lua/vim/lsp/buf.lua , size = 42.099 KB
[22:27:55.474][info] [#0:script/workspace/loading.lua:112]: ++++As library of:	file:///usr/local/share/nvim/runtime/lua
[22:27:55.474][info] [#0:script/workspace/loading.lua:100]: Preload file at: file:///usr/local/share/nvim/runtime/lua/vim/lsp/_transport.lua , size = 5.152 KB
[22:27:55.476][info] [#0:script/workspace/loading.lua:112]: ++++As library of:	file:///usr/local/share/nvim/runtime/lua
[22:27:55.476][info] [#0:script/workspace/loading.lua:100]: Preload file at: file:///usr/local/share/nvim/runtime/lua/vim/lsp/health.lua , size = 7.174 KB
[22:27:55.478][info] [#0:script/workspace/loading.lua:112]: ++++As library of:	file:///usr/local/share/nvim/runtime/lua
[22:27:55.478][info] [#0:script/workspace/loading.lua:100]: Preload file at: file:///usr/local/share/nvim/runtime/lua/vim/lsp/inlay_hint.lua , size = 11.828 KB
[22:27:55.482][info] [#0:script/workspace/loading.lua:112]: ++++As library of:	file:///usr/local/share/nvim/runtime/lua
[22:27:55.482][info] [#0:script/workspace/loading.lua:100]: Preload file at: file:///usr/local/share/nvim/runtime/lua/vim/lsp/completion.lua , size = 23.493 KB
[22:27:55.488][info] [#0:script/workspace/loading.lua:112]: ++++As library of:	file:///usr/local/share/nvim/runtime/lua
[22:27:55.488][info] [#0:script/workspace/loading.lua:100]: Preload file at: file:///usr/local/share/nvim/runtime/lua/vim/lsp/sync.lua , size = 15.728 KB
[22:27:55.491][info] [#0:script/workspace/loading.lua:112]: ++++As library of:	file:///usr/local/share/nvim/runtime/lua
[22:27:55.491][info] [#0:script/workspace/loading.lua:100]: Preload file at: file:///usr/local/share/nvim/runtime/lua/vim/lsp/_changetracking.lua , size = 11.493 KB
[22:27:55.506][info] [#0:script/workspace/loading.lua:112]: ++++As library of:	file:///usr/local/share/nvim/runtime/lua
[22:27:55.506][info] [#0:script/workspace/loading.lua:100]: Preload file at: file:///usr/local/share/nvim/runtime/lua/vim/lsp/_meta/protocol.lua , size = 182.005 KB
[22:27:55.532][info] [#0:script/workspace/loading.lua:112]: ++++As library of:	file:///usr/local/share/nvim/runtime/lua
[22:27:55.532][info] [#0:script/workspace/loading.lua:100]: Preload file at: file:///usr/local/share/nvim/runtime/lua/vim/diagnostic.lua , size = 84.828 KB
[22:27:55.553][info] [#0:script/workspace/loading.lua:112]: ++++As library of:	file:///usr/local/share/nvim/runtime/lua
[22:27:55.553][info] [#0:script/workspace/loading.lua:100]: Preload file at: file:///usr/local/share/nvim/runtime/lua/vim/provider.lua , size = 0.197 KB
[22:27:55.553][info] [#0:script/workspace/loading.lua:112]: ++++As library of:	file:///usr/local/share/nvim/runtime/lua
[22:27:55.553][info] [#0:script/workspace/loading.lua:100]: Preload file at: file:///usr/local/share/nvim/runtime/lua/vim/snippet.lua , size = 21.883 KB
[22:27:55.559][info] [#0:script/workspace/loading.lua:112]: ++++As library of:	file:///usr/local/share/nvim/runtime/lua
[22:27:55.559][info] [#0:script/workspace/loading.lua:100]: Preload file at: file:///usr/local/share/nvim/runtime/lua/vim/vimhelp.lua , size = 2.291 KB
[22:27:55.560][info] [#0:script/workspace/loading.lua:112]: ++++As library of:	file:///usr/local/share/nvim/runtime/lua
[22:27:55.560][info] [#0:script/workspace/loading.lua:100]: Preload file at: file:///usr/local/share/nvim/runtime/lua/vim/ui/clipboard/osc52.lua , size = 2.137 KB
[22:27:55.561][info] [#0:script/workspace/loading.lua:112]: ++++As library of:	file:///usr/local/share/nvim/runtime/lua
[22:27:55.561][info] [#0:script/workspace/loading.lua:100]: Preload file at: file:///usr/local/share/nvim/runtime/lua/vim/_comment.lua , size = 8.562 KB
[22:27:55.563][info] [#0:script/workspace/loading.lua:112]: ++++As library of:	file:///usr/local/share/nvim/runtime/lua
[22:27:55.563][info] [#0:script/workspace/loading.lua:100]: Preload file at: file:///usr/local/share/nvim/runtime/lua/vim/version.lua , size = 13.701 KB
[22:27:55.567][info] [#0:script/workspace/loading.lua:112]: ++++As library of:	file:///usr/local/share/nvim/runtime/lua
[22:27:55.567][info] [#0:script/workspace/loading.lua:100]: Preload file at: file:///usr/local/share/nvim/runtime/lua/vim/F.lua , size = 1.076 KB
[22:27:55.568][info] [#0:script/workspace/loading.lua:112]: ++++As library of:	file:///usr/local/share/nvim/runtime/lua
[22:27:55.568][info] [#0:script/workspace/loading.lua:100]: Preload file at: file:///usr/local/share/nvim/runtime/lua/vim/_inspector.lua , size = 7.899 KB
[22:27:55.570][info] [#0:script/workspace/loading.lua:112]: ++++As library of:	file:///usr/local/share/nvim/runtime/lua
[22:27:55.570][info] [#0:script/workspace/loading.lua:100]: Preload file at: file:///usr/local/share/nvim/runtime/lua/vim/filetype.lua , size = 76.518 KB
[22:27:55.606][info] [#0:script/workspace/loading.lua:112]: ++++As library of:	file:///usr/local/share/nvim/runtime/lua
[22:27:55.606][info] [#0:script/workspace/loading.lua:100]: Preload file at: file:///usr/local/share/nvim/runtime/lua/vim/shared.lua , size = 40.536 KB
[22:27:55.616][info] [#0:script/workspace/loading.lua:112]: ++++As library of:	file:///usr/local/share/nvim/runtime/lua
[22:27:55.616][info] [#0:script/workspace/loading.lua:100]: Preload file at: file:///usr/local/share/nvim/runtime/lua/vim/_options.lua , size = 25.511 KB
[22:27:55.621][info] [#0:script/workspace/loading.lua:112]: ++++As library of:	file:///usr/local/share/nvim/runtime/lua
[22:27:55.621][info] [#0:script/workspace/loading.lua:100]: Preload file at: file:///usr/local/share/nvim/runtime/lua/vim/secure.lua , size = 5.020 KB
[22:27:55.623][info] [#0:script/workspace/loading.lua:112]: ++++As library of:	file:///usr/local/share/nvim/runtime/lua
[22:27:55.623][info] [#0:script/workspace/loading.lua:100]: Preload file at: file:///usr/local/share/nvim/runtime/lua/vim/lsp.lua , size = 51.200 KB
[22:27:55.634][info] [#0:script/workspace/loading.lua:112]: ++++As library of:	file:///usr/local/share/nvim/runtime/lua
[22:27:55.635][info] [#0:script/workspace/loading.lua:100]: Preload file at: file:///usr/local/share/nvim/runtime/lua/vim/_meta.lua , size = 1.002 KB
[22:27:55.635][info] [#0:script/workspace/loading.lua:112]: ++++As library of:	file:///usr/local/share/nvim/runtime/lua
[22:27:55.635][info] [#0:script/workspace/loading.lua:100]: Preload file at: file:///usr/local/share/nvim/runtime/lua/vim/inspect.lua , size = 8.899 KB
[22:27:55.638][info] [#0:script/workspace/loading.lua:112]: ++++As library of:	file:///usr/local/share/nvim/runtime/lua
[22:27:55.638][info] [#0:script/workspace/loading.lua:100]: Preload file at: file:///usr/local/share/nvim/runtime/lua/vim/hl.lua , size = 5.664 KB
[22:27:55.639][info] [#0:script/workspace/loading.lua:112]: ++++As library of:	file:///usr/local/share/nvim/runtime/lua
[22:27:55.639][info] [#0:script/workspace/loading.lua:100]: Preload file at: file:///usr/local/share/nvim/runtime/lua/vim/func.lua , size = 1.950 KB
[22:27:55.640][info] [#0:script/workspace/loading.lua:112]: ++++As library of:	file:///usr/local/share/nvim/runtime/lua
[22:27:55.640][info] [#0:script/workspace/loading.lua:100]: Preload file at: file:///usr/local/share/nvim/runtime/lua/vim/filetype/options.lua , size = 2.559 KB
[22:27:55.641][info] [#0:script/workspace/loading.lua:112]: ++++As library of:	file:///usr/local/share/nvim/runtime/lua
[22:27:55.641][info] [#0:script/workspace/loading.lua:100]: Preload file at: file:///usr/local/share/nvim/runtime/lua/vim/filetype/detect.lua , size = 61.322 KB
[22:27:55.656][info] [#0:script/workspace/loading.lua:112]: ++++As library of:	file:///usr/local/share/nvim/runtime/lua
[22:27:55.656][info] [#0:script/workspace/loading.lua:100]: Preload file at: file:///usr/local/share/nvim/runtime/lua/vim/health.lua , size = 14.392 KB
[22:27:55.660][info] [#0:script/workspace/loading.lua:112]: ++++As library of:	file:///usr/local/share/nvim/runtime/lua
[22:27:55.660][info] [#0:script/workspace/loading.lua:100]: Preload file at: file:///usr/local/share/nvim/runtime/lua/vim/iter.lua , size = 25.863 KB
[22:27:55.668][info] [#0:script/workspace/loading.lua:112]: ++++As library of:	file:///usr/local/share/nvim/runtime/lua
[22:27:55.668][info] [#0:script/workspace/loading.lua:100]: Preload file at: file:///usr/local/share/nvim/runtime/lua/vim/_editor.lua , size = 43.398 KB
[22:27:55.679][info] [#0:script/workspace/loading.lua:112]: ++++As library of:	file:///usr/local/share/nvim/runtime/lua
[22:27:55.679][info] [#0:script/workspace/loading.lua:100]: Preload file at: file:///usr/local/share/nvim/runtime/lua/vim/_buf.lua , size = 0.764 KB
[22:27:55.679][info] [#0:script/workspace/loading.lua:112]: ++++As library of:	file:///usr/local/share/nvim/runtime/lua
[22:27:55.679][info] [#0:script/workspace/loading.lua:100]: Preload file at: file:///usr/local/share/nvim/runtime/lua/vim/_init_packages.lua , size = 3.023 KB
[22:27:55.680][info] [#0:script/workspace/loading.lua:112]: ++++As library of:	file:///usr/local/share/nvim/runtime/lua
[22:27:55.680][info] [#0:script/workspace/loading.lua:100]: Preload file at: file:///usr/local/share/nvim/runtime/lua/vim/fs.lua , size = 23.649 KB
[22:27:55.686][info] [#0:script/workspace/loading.lua:112]: ++++As library of:	file:///usr/local/share/nvim/runtime/lua
[22:27:55.686][info] [#0:script/workspace/loading.lua:100]: Preload file at: file:///usr/local/share/nvim/runtime/lua/vim/_meta/vvars_extra.lua , size = 3.976 KB
[22:27:55.687][info] [#0:script/workspace/loading.lua:112]: ++++As library of:	file:///usr/local/share/nvim/runtime/lua
[22:27:55.687][info] [#0:script/workspace/loading.lua:100]: Preload file at: file:///usr/local/share/nvim/runtime/lua/vim/_meta/mpack.lua , size = 0.478 KB
[22:27:55.687][info] [#0:script/workspace/loading.lua:112]: ++++As library of:	file:///usr/local/share/nvim/runtime/lua
[22:27:55.687][info] [#0:script/workspace/loading.lua:100]: Preload file at: file:///usr/local/share/nvim/runtime/lua/vim/_meta/misc.lua , size = 0.291 KB
[22:27:55.687][info] [#0:script/workspace/loading.lua:112]: ++++As library of:	file:///usr/local/share/nvim/runtime/lua
[22:27:55.687][info] [#0:script/workspace/loading.lua:100]: Preload file at: file:///usr/local/share/nvim/runtime/lua/vim/_meta/api_keysets_extra.lua , size = 6.957 KB
[22:27:55.690][info] [#0:script/workspace/loading.lua:112]: ++++As library of:	file:///usr/local/share/nvim/runtime/lua
[22:27:55.690][info] [#0:script/workspace/loading.lua:100]: Preload file at: file:///usr/local/share/nvim/runtime/lua/vim/_meta/vimfn.lua , size = 407.837 KB
[22:27:55.775][info] [#0:script/workspace/loading.lua:112]: ++++As library of:	file:///usr/local/share/nvim/runtime/lua
[22:27:55.775][info] [#0:script/workspace/loading.lua:100]: Preload file at: file:///usr/local/share/nvim/runtime/lua/vim/_meta/diff.lua , size = 2.493 KB
[22:27:55.776][info] [#0:script/workspace/loading.lua:112]: ++++As library of:	file:///usr/local/share/nvim/runtime/lua
[22:27:55.776][info] [#0:script/workspace/loading.lua:100]: Preload file at: file:///usr/local/share/nvim/runtime/lua/vim/_meta/spell.lua , size = 0.929 KB
[22:27:55.776][info] [#0:script/workspace/loading.lua:112]: ++++As library of:	file:///usr/local/share/nvim/runtime/lua
[22:27:55.776][info] [#0:script/workspace/loading.lua:100]: Preload file at: file:///usr/local/share/nvim/runtime/lua/vim/_meta/json.lua , size = 1.537 KB
[22:27:55.777][info] [#0:script/workspace/loading.lua:112]: ++++As library of:	file:///usr/local/share/nvim/runtime/lua
[22:27:55.777][info] [#0:script/workspace/loading.lua:100]: Preload file at: file:///usr/local/share/nvim/runtime/lua/vim/_meta/base64.lua , size = 0.307 KB
[22:27:55.777][info] [#0:script/workspace/loading.lua:112]: ++++As library of:	file:///usr/local/share/nvim/runtime/lua
[22:27:55.777][info] [#0:script/workspace/loading.lua:100]: Preload file at: file:///usr/local/share/nvim/runtime/lua/vim/_meta/builtin_types.lua , size = 7.897 KB
[22:27:55.779][info] [#0:script/workspace/loading.lua:112]: ++++As library of:	file:///usr/local/share/nvim/runtime/lua
[22:27:55.779][info] [#0:script/workspace/loading.lua:100]: Preload file at: file:///usr/local/share/nvim/runtime/lua/vim/_meta/api_keysets.lua , size = 9.662 KB
[22:27:55.782][info] [#0:script/workspace/loading.lua:112]: ++++As library of:	file:///usr/local/share/nvim/runtime/lua
[22:27:55.782][info] [#0:script/workspace/loading.lua:100]: Preload file at: file:///usr/local/share/nvim/runtime/lua/vim/_meta/lpeg.lua , size = 15.348 KB
[22:27:55.784][info] [#0:script/workspace/loading.lua:112]: ++++As library of:	file:///usr/local/share/nvim/runtime/lua
[22:27:55.784][info] [#0:script/workspace/loading.lua:100]: Preload file at: file:///usr/local/share/nvim/runtime/lua/vim/_meta/re.lua , size = 2.217 KB
[22:27:55.785][info] [#0:script/workspace/loading.lua:112]: ++++As library of:	file:///usr/local/share/nvim/runtime/lua
[22:27:55.785][info] [#0:script/workspace/loading.lua:100]: Preload file at: file:///usr/local/share/nvim/runtime/lua/vim/_meta/api.lua , size = 106.303 KB
[22:27:55.801][info] [#0:script/workspace/loading.lua:112]: ++++As library of:	file:///usr/local/share/nvim/runtime/lua
[22:27:55.801][info] [#0:script/workspace/loading.lua:100]: Preload file at: file:///usr/local/share/nvim/runtime/lua/vim/_meta/builtin.lua , size = 10.412 KB
[22:27:55.803][info] [#0:script/workspace/loading.lua:112]: ++++As library of:	file:///usr/local/share/nvim/runtime/lua
[22:27:55.803][info] [#0:script/workspace/loading.lua:100]: Preload file at: file:///usr/local/share/nvim/runtime/lua/vim/_meta/regex.lua , size = 1.580 KB
[22:27:55.804][info] [#0:script/workspace/loading.lua:112]: ++++As library of:	file:///usr/local/share/nvim/runtime/lua
[22:27:55.804][info] [#0:script/workspace/loading.lua:100]: Preload file at: file:///usr/local/share/nvim/runtime/lua/vim/_meta/options.lua , size = 323.222 KB
[22:27:55.851][info] [#0:script/workspace/loading.lua:112]: ++++As library of:	file:///usr/local/share/nvim/runtime/lua
[22:27:55.851][info] [#0:script/workspace/loading.lua:100]: Preload file at: file:///usr/local/share/nvim/runtime/lua/vim/_meta/vvars.lua , size = 25.870 KB
[22:27:55.855][info] [#0:script/workspace/loading.lua:112]: ++++As library of:	file:///usr/local/share/nvim/runtime/lua
[22:27:55.855][info] [#0:script/workspace/loading.lua:100]: Preload file at: file:///usr/local/share/nvim/runtime/lua/vim/re.lua , size = 6.527 KB
[22:27:55.858][info] [#0:script/workspace/loading.lua:112]: ++++As library of:	file:///usr/local/share/nvim/runtime/lua
[22:27:55.858][info] [#0:script/workspace/loading.lua:100]: Preload file at: file:///usr/local/share/nvim/runtime/lua/vim/provider/python.lua , size = 4.224 KB
[22:27:55.859][info] [#0:script/workspace/loading.lua:112]: ++++As library of:	file:///usr/local/share/nvim/runtime/lua
[22:27:55.859][info] [#0:script/workspace/loading.lua:100]: Preload file at: file:///usr/local/share/nvim/runtime/lua/vim/loader.lua , size = 14.564 KB
[22:27:55.864][info] [#0:script/workspace/loading.lua:112]: ++++As library of:	file:///usr/local/share/nvim/runtime/lua
[22:27:55.864][info] [#0:script/workspace/loading.lua:100]: Preload file at: file:///usr/local/share/nvim/runtime/lua/vim/provider/health.lua , size = 28.856 KB
[22:27:55.871][info] [#0:script/workspace/loading.lua:112]: ++++As library of:	file:///usr/local/share/nvim/runtime/lua
[22:27:55.871][info] [#0:script/workspace/loading.lua:100]: Preload file at: file:///usr/local/share/nvim/runtime/lua/vim/provider/ruby.lua , size = 1.563 KB
[22:27:55.871][info] [#0:script/workspace/loading.lua:112]: ++++As library of:	file:///usr/local/share/nvim/runtime/lua
[22:27:55.871][info] [#0:script/workspace/loading.lua:100]: Preload file at: file:///usr/local/share/nvim/runtime/lua/vim/provider/perl.lua , size = 1.998 KB
[22:27:55.872][info] [#0:script/workspace/loading.lua:112]: ++++As library of:	file:///usr/local/share/nvim/runtime/lua
[22:27:55.872][info] [#0:script/workspace/loading.lua:100]: Preload file at: file:///usr/local/share/nvim/runtime/lua/vim/_system.lua , size = 9.580 KB
[22:27:55.875][info] [#0:script/workspace/loading.lua:112]: ++++As library of:	file:///usr/local/share/nvim/runtime/lua
[22:27:55.876][info] [#0:script/workspace/loading.lua:100]: Preload file at: file:///usr/local/share/nvim/runtime/lua/vim/_watch.lua , size = 9.718 KB
[22:27:55.878][info] [#0:script/workspace/loading.lua:112]: ++++As library of:	file:///usr/local/share/nvim/runtime/lua
[22:27:55.878][info] [#0:script/workspace/loading.lua:100]: Preload file at: file:///usr/local/share/nvim/runtime/lua/vim/treesitter.lua , size = 14.764 KB
[22:27:55.882][info] [#0:script/workspace/loading.lua:112]: ++++As library of:	file:///usr/local/share/nvim/runtime/lua
[22:27:55.882][info] [#0:script/workspace/loading.lua:100]: Preload file at: file:///usr/local/share/nvim/runtime/lua/vim/ui.lua , size = 7.632 KB
[22:27:55.884][info] [#0:script/workspace/loading.lua:112]: ++++As library of:	file:///usr/local/share/nvim/runtime/lua
[22:27:55.884][info] [#0:script/workspace/loading.lua:100]: Preload file at: file:///usr/local/share/nvim/runtime/lua/vim/_defaults.lua , size = 29.839 KB
[22:27:55.891][info] [#0:script/workspace/loading.lua:112]: ++++As library of:	file:///usr/local/share/nvim/runtime/lua
[22:27:55.891][info] [#0:script/workspace/loading.lua:100]: Preload file at: file:///usr/local/share/nvim/runtime/lua/vim/uri.lua , size = 3.614 KB
[22:27:55.893][info] [#0:script/workspace/loading.lua:112]: ++++As library of:	file:///usr/local/share/nvim/runtime/lua
[22:27:55.893][info] [#0:script/workspace/loading.lua:100]: Preload file at: file:///usr/local/share/nvim/runtime/lua/coxpcall.lua , size = 3.672 KB
[22:27:55.894][info] [#0:script/workspace/loading.lua:112]: ++++As library of:	file:///usr/local/share/nvim/runtime/lua
[22:27:55.894][info] [#0:script/workspace/loading.lua:100]: Preload file at: file:///usr/local/share/nvim/runtime/lua/vim/text.lua , size = 1.242 KB
[22:27:55.894][info] [#0:script/workspace/loading.lua:112]: ++++As library of:	file:///usr/local/share/nvim/runtime/lua
[22:27:55.895][info] [#0:script/workspace/loading.lua:100]: Preload file at: file:///usr/local/share/nvim/runtime/lua/tohtml.lua , size = 43.192 KB
[22:27:55.958][info] [#0:script/workspace/loading.lua:112]: ++++As library of:	file:///usr/local/share/nvim/runtime/lua
[22:27:55.958][info] [#0:script/workspace/loading.lua:100]: Preload file at: file:///usr/local/share/nvim/runtime/lua/jit/bcsave.lua , size = 17.090 KB
[22:27:55.963][info] [#0:script/workspace/loading.lua:112]: ++++As library of:	file:///usr/local/share/nvim/runtime/lua
[22:27:55.963][info] [#0:script/workspace/loading.lua:100]: Preload file at: file:///usr/local/share/nvim/runtime/lua/jit/dis_arm.lua , size = 18.891 KB
[22:27:55.968][info] [#0:script/workspace/loading.lua:112]: ++++As library of:	file:///usr/local/share/nvim/runtime/lua
[22:27:55.968][info] [#0:script/workspace/loading.lua:100]: Preload file at: file:///usr/local/share/nvim/runtime/lua/jit/dis_x86.lua , size = 33.033 KB
[22:27:55.977][info] [#0:script/workspace/loading.lua:112]: ++++As library of:	file:///usr/local/share/nvim/runtime/lua
[22:27:55.977][info] [#0:script/workspace/loading.lua:100]: Preload file at: file:///usr/local/share/nvim/runtime/lua/jit/dis_arm64be.lua , size = 0.604 KB
[22:27:55.977][info] [#0:script/workspace/loading.lua:112]: ++++As library of:	file:///usr/local/share/nvim/runtime/lua
[22:27:55.977][info] [#0:script/workspace/loading.lua:100]: Preload file at: file:///usr/local/share/nvim/runtime/lua/jit/dis_mips64r6.lua , size = 0.700 KB
[22:27:55.977][info] [#0:script/workspace/loading.lua:112]: ++++As library of:	file:///usr/local/share/nvim/runtime/lua
[22:27:55.977][info] [#0:script/workspace/loading.lua:100]: Preload file at: file:///usr/local/share/nvim/runtime/lua/jit/dis_arm64.lua , size = 29.971 KB
[22:27:55.986][info] [#0:script/workspace/loading.lua:112]: ++++As library of:	file:///usr/local/share/nvim/runtime/lua
[22:27:55.986][info] [#0:script/workspace/loading.lua:100]: Preload file at: file:///usr/local/share/nvim/runtime/lua/jit/dump.lua , size = 20.269 KB
[22:27:55.992][info] [#0:script/workspace/loading.lua:112]: ++++As library of:	file:///usr/local/share/nvim/runtime/lua
[22:27:55.992][info] [#0:script/workspace/loading.lua:100]: Preload file at: file:///usr/local/share/nvim/runtime/lua/jit/dis_mips64r6el.lua , size = 0.711 KB
[22:27:55.992][info] [#0:script/workspace/loading.lua:112]: ++++As library of:	file:///usr/local/share/nvim/runtime/lua
[22:27:55.992][info] [#0:script/workspace/loading.lua:100]: Preload file at: file:///usr/local/share/nvim/runtime/lua/jit/vmdef.lua , size = 7.920 KB
[22:27:55.993][info] [#0:script/workspace/loading.lua:112]: ++++As library of:	file:///usr/local/share/nvim/runtime/lua
[22:27:55.993][info] [#0:script/workspace/loading.lua:100]: Preload file at: file:///usr/local/share/nvim/runtime/lua/jit/dis_mips.lua , size = 21.494 KB
[22:27:55.998][info] [#0:script/workspace/loading.lua:112]: ++++As library of:	file:///usr/local/share/nvim/runtime/lua
[22:27:55.998][info] [#0:script/workspace/loading.lua:100]: Preload file at: file:///usr/local/share/nvim/runtime/lua/jit/dis_mips64el.lua , size = 0.700 KB
[22:27:55.998][info] [#0:script/workspace/loading.lua:112]: ++++As library of:	file:///usr/local/share/nvim/runtime/lua
[22:27:55.998][info] [#0:script/workspace/loading.lua:100]: Preload file at: file:///usr/local/share/nvim/runtime/lua/jit/p.lua , size = 8.874 KB
[22:27:56.001][info] [#0:script/workspace/loading.lua:112]: ++++As library of:	file:///usr/local/share/nvim/runtime/lua
[22:27:56.001][info] [#0:script/workspace/loading.lua:100]: Preload file at: file:///usr/local/share/nvim/runtime/lua/jit/dis_ppc.lua , size = 19.825 KB
[22:27:56.006][info] [#0:script/workspace/loading.lua:112]: ++++As library of:	file:///usr/local/share/nvim/runtime/lua
[22:27:56.006][info] [#0:script/workspace/loading.lua:100]: Preload file at: file:///usr/local/share/nvim/runtime/lua/jit/dis_mips64.lua , size = 0.689 KB
[22:27:56.006][info] [#0:script/workspace/loading.lua:112]: ++++As library of:	file:///usr/local/share/nvim/runtime/lua
[22:27:56.006][info] [#0:script/workspace/loading.lua:100]: Preload file at: file:///usr/local/share/nvim/runtime/lua/jit/v.lua , size = 5.731 KB
[22:27:56.007][info] [#0:script/workspace/loading.lua:112]: ++++As library of:	file:///usr/local/share/nvim/runtime/lua
[22:27:56.007][info] [#0:script/workspace/loading.lua:100]: Preload file at: file:///usr/local/share/nvim/runtime/lua/jit/bc.lua , size = 5.417 KB
[22:27:56.009][info] [#0:script/workspace/loading.lua:112]: ++++As library of:	file:///usr/local/share/nvim/runtime/lua
[22:27:56.009][info] [#0:script/workspace/loading.lua:100]: Preload file at: file:///usr/local/share/nvim/runtime/lua/jit/zone.lua , size = 0.979 KB
[22:27:56.009][info] [#0:script/workspace/loading.lua:112]: ++++As library of:	file:///usr/local/share/nvim/runtime/lua
[22:27:56.009][info] [#0:script/workspace/loading.lua:100]: Preload file at: file:///usr/local/share/nvim/runtime/lua/jit/dis_x64.lua , size = 0.695 KB
[22:27:56.010][info] [#0:script/workspace/loading.lua:112]: ++++As library of:	file:///usr/local/share/nvim/runtime/lua
[22:27:56.010][info] [#0:script/workspace/loading.lua:100]: Preload file at: file:///usr/local/share/nvim/runtime/lua/jit/dis_mipsel.lua , size = 0.698 KB
[22:27:56.010][info] [#0:script/workspace/loading.lua:112]: ++++As library of:	file:///usr/local/share/nvim/runtime/lua
[22:27:56.010][info] [#0:script/workspace/loading.lua:100]: Preload file at: file:///usr/local/share/nvim/runtime/lua/_vim9script.lua , size = 15.423 KB
[22:27:56.014][info] [#0:script/workspace/loading.lua:112]: ++++As library of:	file:///usr/local/share/nvim/runtime/lua
[22:27:56.014][info] [#0:script/workspace/loading.lua:100]: Preload file at: file:///usr/local/share/nvim/runtime/lua/man.lua , size = 23.089 KB
[22:27:56.020][info] [#0:script/workspace/loading.lua:112]: ++++As library of:	file:///usr/local/share/nvim/runtime/lua
[22:27:56.020][info] [#0:script/workspace/loading.lua:100]: Preload file at: file:///home/wellackshually/personal/git/config_manager/lsps/lsp_releases/lua-language-server-3.13.6/meta/LuaJIT%20en-us%20utf8/table/new.lua , size = 0.642 KB
[22:27:56.020][info] [#0:script/workspace/loading.lua:112]: ++++As library of:	file:///home/wellackshually/personal/git/config_manager/lsps/lsp_releases/lua-language-server-3.13.6/meta/LuaJIT%20en-us%20utf8/table/new.lua
[22:27:56.020][info] [#0:script/workspace/loading.lua:100]: Preload file at: file:///home/wellackshually/personal/git/config_manager/lsps/lsp_releases/lua-language-server-3.13.6/meta/LuaJIT%20en-us%20utf8/bit.lua , size = 1.319 KB
[22:27:56.021][info] [#0:script/workspace/loading.lua:112]: ++++As library of:	file:///home/wellackshually/personal/git/config_manager/lsps/lsp_releases/lua-language-server-3.13.6/meta/LuaJIT%20en-us%20utf8/bit.lua
[22:27:56.021][info] [#0:script/workspace/loading.lua:100]: Preload file at: file:///usr/local/share/nvim/runtime/lua/editorconfig.lua , size = 11.254 KB
[22:27:56.023][info] [#0:script/workspace/loading.lua:112]: ++++As library of:	file:///usr/local/share/nvim/runtime/lua
[22:27:56.024][info] [#0:script/workspace/loading.lua:100]: Preload file at: file:///home/wellackshually/personal/git/config_manager/lsps/lsp_releases/lua-language-server-3.13.6/meta/LuaJIT%20en-us%20utf8/table/clear.lua , size = 0.797 KB
[22:27:56.024][info] [#0:script/workspace/loading.lua:112]: ++++As library of:	file:///home/wellackshually/personal/git/config_manager/lsps/lsp_releases/lua-language-server-3.13.6/meta/LuaJIT%20en-us%20utf8/table/clear.lua
[22:27:56.024][info] [#0:script/workspace/loading.lua:100]: Preload file at: file:///home/wellackshually/personal/git/config_manager/lsps/lsp_releases/lua-language-server-3.13.6/meta/LuaJIT%20en-us%20utf8/ffi.lua , size = 2.529 KB
[22:27:56.025][info] [#0:script/workspace/loading.lua:112]: ++++As library of:	file:///home/wellackshually/personal/git/config_manager/lsps/lsp_releases/lua-language-server-3.13.6/meta/LuaJIT%20en-us%20utf8/ffi.lua
[22:27:56.025][info] [#0:script/workspace/loading.lua:100]: Preload file at: file:///home/wellackshually/personal/git/config_manager/lsps/lsp_releases/lua-language-server-3.13.6/meta/LuaJIT%20en-us%20utf8/io.lua , size = 6.364 KB
[22:27:56.027][info] [#0:script/workspace/loading.lua:112]: ++++As library of:	file:///home/wellackshually/personal/git/config_manager/lsps/lsp_releases/lua-language-server-3.13.6/meta/LuaJIT%20en-us%20utf8/io.lua
[22:27:56.027][info] [#0:script/workspace/loading.lua:100]: Preload file at: file:///home/wellackshually/personal/git/config_manager/lsps/lsp_releases/lua-language-server-3.13.6/meta/LuaJIT%20en-us%20utf8/builtin.lua , size = 0.302 KB
[22:27:56.027][info] [#0:script/workspace/loading.lua:112]: ++++As library of:	file:///home/wellackshually/personal/git/config_manager/lsps/lsp_releases/lua-language-server-3.13.6/meta/LuaJIT%20en-us%20utf8/builtin.lua
[22:27:56.027][info] [#0:script/workspace/loading.lua:100]: Preload file at: file:///home/wellackshually/personal/git/config_manager/lsps/lsp_releases/lua-language-server-3.13.6/meta/LuaJIT%20en-us%20utf8/package.lua , size = 2.699 KB
[22:27:56.028][info] [#0:script/workspace/loading.lua:112]: ++++As library of:	file:///home/wellackshually/personal/git/config_manager/lsps/lsp_releases/lua-language-server-3.13.6/meta/LuaJIT%20en-us%20utf8/package.lua
[22:27:56.028][info] [#0:script/workspace/loading.lua:100]: Preload file at: file:///home/wellackshually/personal/git/config_manager/lsps/lsp_releases/lua-language-server-3.13.6/meta/LuaJIT%20en-us%20utf8/jit.lua , size = 0.884 KB
[22:27:56.029][info] [#0:script/workspace/loading.lua:112]: ++++As library of:	file:///home/wellackshually/personal/git/config_manager/lsps/lsp_releases/lua-language-server-3.13.6/meta/LuaJIT%20en-us%20utf8/jit.lua
[22:27:56.029][info] [#0:script/workspace/loading.lua:100]: Preload file at: file:///home/wellackshually/personal/git/config_manager/lsps/lsp_releases/lua-language-server-3.13.6/meta/LuaJIT%20en-us%20utf8/string/buffer.lua , size = 18.123 KB
[22:27:56.031][info] [#0:script/workspace/loading.lua:112]: ++++As library of:	file:///home/wellackshually/personal/git/config_manager/lsps/lsp_releases/lua-language-server-3.13.6/meta/LuaJIT%20en-us%20utf8/string/buffer.lua
[22:27:56.031][info] [#0:script/workspace/loading.lua:100]: Preload file at: file:///home/wellackshually/personal/git/config_manager/lsps/lsp_releases/lua-language-server-3.13.6/meta/LuaJIT%20en-us%20utf8/basic.lua , size = 15.443 KB
[22:27:56.035][info] [#0:script/workspace/loading.lua:112]: ++++As library of:	file:///home/wellackshually/personal/git/config_manager/lsps/lsp_releases/lua-language-server-3.13.6/meta/LuaJIT%20en-us%20utf8/basic.lua
[22:27:56.035][info] [#0:script/workspace/loading.lua:100]: Preload file at: file:///home/wellackshually/personal/git/config_manager/lsps/lsp_releases/lua-language-server-3.13.6/meta/LuaJIT%20en-us%20utf8/string.lua , size = 6.310 KB
[22:27:56.036][info] [#0:script/workspace/loading.lua:112]: ++++As library of:	file:///home/wellackshually/personal/git/config_manager/lsps/lsp_releases/lua-language-server-3.13.6/meta/LuaJIT%20en-us%20utf8/string.lua
[22:27:56.036][info] [#0:script/workspace/loading.lua:100]: Preload file at: file:///home/wellackshually/personal/git/config_manager/lsps/lsp_releases/lua-language-server-3.13.6/meta/LuaJIT%20en-us%20utf8/coroutine.lua , size = 2.541 KB
[22:27:56.037][info] [#0:script/workspace/loading.lua:112]: ++++As library of:	file:///home/wellackshually/personal/git/config_manager/lsps/lsp_releases/lua-language-server-3.13.6/meta/LuaJIT%20en-us%20utf8/coroutine.lua
[22:27:56.037][info] [#0:script/workspace/loading.lua:100]: Preload file at: file:///home/wellackshually/personal/git/config_manager/lsps/lsp_releases/lua-language-server-3.13.6/meta/LuaJIT%20en-us%20utf8/jit/util.lua , size = 1.984 KB
[22:27:56.038][info] [#0:script/workspace/loading.lua:112]: ++++As library of:	file:///home/wellackshually/personal/git/config_manager/lsps/lsp_releases/lua-language-server-3.13.6/meta/LuaJIT%20en-us%20utf8/jit/util.lua
[22:27:56.038][info] [#0:script/workspace/loading.lua:100]: Preload file at: file:///home/wellackshually/personal/git/config_manager/lsps/lsp_releases/lua-language-server-3.13.6/meta/LuaJIT%20en-us%20utf8/math.lua , size = 7.949 KB
[22:27:56.041][info] [#0:script/workspace/loading.lua:112]: ++++As library of:	file:///home/wellackshually/personal/git/config_manager/lsps/lsp_releases/lua-language-server-3.13.6/meta/LuaJIT%20en-us%20utf8/math.lua
[22:27:56.041][info] [#0:script/workspace/loading.lua:100]: Preload file at: file:///home/wellackshually/personal/git/config_manager/lsps/lsp_releases/lua-language-server-3.13.6/meta/LuaJIT%20en-us%20utf8/debug.lua , size = 7.310 KB
[22:27:56.043][info] [#0:script/workspace/loading.lua:112]: ++++As library of:	file:///home/wellackshually/personal/git/config_manager/lsps/lsp_releases/lua-language-server-3.13.6/meta/LuaJIT%20en-us%20utf8/debug.lua
[22:27:56.043][info] [#0:script/workspace/loading.lua:100]: Preload file at: file:///home/wellackshually/personal/git/config_manager/lsps/lsp_releases/lua-language-server-3.13.6/meta/LuaJIT%20en-us%20utf8/os.lua , size = 5.600 KB
[22:27:56.044][info] [#0:script/workspace/loading.lua:112]: ++++As library of:	file:///home/wellackshually/personal/git/config_manager/lsps/lsp_releases/lua-language-server-3.13.6/meta/LuaJIT%20en-us%20utf8/os.lua
[22:27:56.044][info] [#0:script/workspace/loading.lua:88]: Skip loaded file: file:///home/wellackshually/.config/nvim/init.lua
[22:27:56.045][info] [#0:script/workspace/loading.lua:100]: Preload file at: file:///home/wellackshually/.config/nvim/after/ftplugin/lua.lua , size = 0.088 KB
[22:27:56.045][info] [#0:script/workspace/loading.lua:100]: Preload file at: file:///home/wellackshually/.config/nvim/after/ftplugin/go.lua , size = 0.123 KB
[22:27:56.045][info] [#0:script/workspace/loading.lua:100]: Preload file at: file:///home/wellackshually/.config/nvim/plugin/personalnotes.lua , size = 1.273 KB
[22:27:56.045][info] [#0:script/workspace/loading.lua:100]: Preload file at: file:///home/wellackshually/.config/nvim/plugin/floaterminal.lua , size = 1.555 KB
[22:27:56.046][info] [#0:script/workspace/loading.lua:100]: Preload file at: file:///home/wellackshually/.config/nvim/plugin/menu.lua , size = 1.032 KB
[22:27:56.047][info] [#0:script/workspace/loading.lua:100]: Preload file at: file:///home/wellackshually/.config/nvim/plugin/options.lua , size = 0.045 KB
[22:27:56.047][info] [#0:script/workspace/loading.lua:100]: Preload file at: file:///home/wellackshually/.config/nvim/plugin/test.lua , size = 0.063 KB
[22:27:56.047][info] [#0:script/workspace/loading.lua:172]: Loaded files takes [0.767] sec: file:///home/wellackshually/.config/nvim
[22:27:56.047][info] [#0:script/workspace/loading.lua:181]: Compile files takes [0.000] sec: file:///home/wellackshually/.config/nvim
[22:27:56.047][info] [#0:script/workspace/loading.lua:182]: Loaded finish:	file:///home/wellackshually/.config/nvim
[22:27:56.047][info] [#0:script/workspace/workspace.lua:381]: Preload finish at:	file:///home/wellackshually/.config/nvim
[22:27:56.063][info] [#0:script/provider/diagnostic.lua:560]: Diagnostics scope [file:///home/wellackshually/.config/nvim], files count:[156]
[22:27:56.063][warn] [#0:script/proto/proto.lua:189]: Method [textDocument/didOpen] takes [0.848]sec. {
  jsonrpc = "2.0",
  method = "textDocument/didOpen",
  params = {
    textDocument = {
      languageId = "lua",
      text = '"***"',
      uri = "file:///home/wellackshually/.config/nvim/init.lua",
      version = 0
    }
  }
}
[22:27:56.067][warn] [#0:script/proto/proto.lua:189]: Method [textDocument/semanticTokens/full] takes [0.795]sec. {
  id = 7,
  jsonrpc = "2.0",
  method = "textDocument/semanticTokens/full",
  params = {
    textDocument = {
      uri = "file:///home/wellackshually/.config/nvim/init.lua"
    }
  }
}
[22:27:56.187][info] [#0:script/provider/diagnostic.lua:577]: Diagnostics scope [file:///home/wellackshually/.config/nvim] finished, takes [0.059] sec.
[22:28:31.918][warn] [#0:script/pub/report.lua:24]: Load proto error:	Disconnected!
